TN:
SF:src\config\plugins\envs.plugin.ts
FNF:0
FNH:0
DA:1,1
DA:2,1
DA:3,1
DA:4,1
DA:5,1
DA:6,1
DA:7,1
DA:8,1
DA:9,1
DA:10,1
DA:11,1
DA:12,1
DA:13,1
DA:14,1
DA:15,1
LF:15
LH:15
BRF:0
BRH:0
end_of_record
TN:
SF:src\data\mongo\init.ts
FN:12,connect
FNF:1
FNH:1
FNDA:4,connect
DA:1,1
DA:2,1
DA:3,1
DA:4,1
DA:5,1
DA:6,1
DA:7,1
DA:8,1
DA:9,1
DA:10,1
DA:11,1
DA:12,1
DA:13,4
DA:14,4
DA:15,4
DA:16,4
DA:17,4
DA:18,3
DA:19,3
DA:20,3
DA:21,3
DA:22,3
DA:23,3
DA:24,1
DA:25,1
DA:26,1
DA:27,4
DA:28,1
DA:29,1
LF:29
LH:29
BRDA:12,0,0,4
BRDA:18,1,0,3
BRDA:23,2,0,1
BRF:3
BRH:3
end_of_record
TN:
SF:src\data\mongo\models\log.model.ts
FNF:0
FNH:0
DA:1,1
DA:2,1
DA:3,1
DA:4,1
DA:5,1
DA:6,1
DA:7,1
DA:8,1
DA:9,1
DA:10,1
DA:11,1
LF:11
LH:11
BRF:0
BRH:0
end_of_record
TN:
SF:src\domain\datasources\log.datasource.ts
FNF:0
FNH:0
DA:1,1
DA:2,1
DA:3,1
DA:4,1
DA:5,1
DA:6,1
DA:7,1
DA:8,1
DA:9,1
LF:9
LH:9
BRF:0
BRH:0
end_of_record
TN:
SF:src\domain\entities\log.entity.ts
FN:23,LogEntity
FN:31,Object.<anonymous>.LogEntity.fromJson
FN:39,Object.<anonymous>.LogEntity.fromObject
FNF:3
FNH:3
FNDA:40,LogEntity
FNDA:25,Object.<anonymous>.LogEntity.fromJson
FNDA:2,Object.<anonymous>.LogEntity.fromObject
DA:1,1
DA:2,1
DA:3,7
DA:4,7
DA:5,7
DA:6,7
DA:7,7
DA:8,1
DA:9,1
DA:10,1
DA:11,1
DA:12,1
DA:13,1
DA:14,1
DA:15,1
DA:16,1
DA:17,1
DA:18,1
DA:19,1
DA:20,1
DA:21,1
DA:22,1
DA:23,1
DA:24,40
DA:25,40
DA:26,40
DA:27,40
DA:28,40
DA:29,40
DA:30,1
DA:31,1
DA:32,25
DA:33,25
DA:34,25
DA:35,25
DA:36,25
DA:37,25
DA:38,1
DA:39,1
DA:40,2
DA:41,2
DA:42,2
DA:43,2
DA:44,1
LF:44
LH:44
BRDA:3,0,0,7
BRDA:23,1,0,40
BRDA:31,2,0,25
BRDA:32,3,0,9
BRDA:32,4,0,16
BRDA:39,5,0,2
BRF:6
BRH:6
end_of_record
TN:
SF:src\domain\use-cases\checks\check-service-multiple.ts
FN:13,CheckServiceMultiple
FN:19,callLogRepository
FN:25,execute
FNF:3
FNH:3
FNDA:1,CheckServiceMultiple
FNDA:2,callLogRepository
FNDA:2,execute
DA:1,1
DA:2,1
DA:3,1
DA:4,1
DA:5,1
DA:6,1
DA:7,1
DA:8,1
DA:9,1
DA:10,1
DA:11,1
DA:12,1
DA:13,1
DA:14,1
DA:15,1
DA:16,1
DA:17,1
DA:18,1
DA:19,1
DA:20,2
DA:21,2
DA:22,2
DA:23,2
DA:24,1
DA:25,1
DA:26,2
DA:27,2
DA:28,1
DA:29,1
DA:30,1
DA:31,2
DA:32,2
DA:33,2
DA:34,2
DA:35,1
DA:36,1
DA:37,1
DA:38,1
DA:39,1
DA:40,1
DA:41,2
DA:42,1
LF:42
LH:42
BRDA:13,0,0,1
BRDA:19,1,0,2
BRDA:20,2,0,2
BRDA:25,3,0,2
BRDA:28,4,0,1
BRDA:34,5,0,1
BRF:6
BRH:6
end_of_record
TN:
SF:src\domain\use-cases\checks\check-service.ts
FN:13,CheckService
FN:19,execute
FNF:2
FNH:2
FNDA:1,CheckService
FNDA:2,execute
DA:1,1
DA:2,1
DA:3,1
DA:4,1
DA:5,1
DA:6,1
DA:7,1
DA:8,1
DA:9,1
DA:10,1
DA:11,1
DA:12,1
DA:13,1
DA:14,1
DA:15,1
DA:16,1
DA:17,1
DA:18,1
DA:19,1
DA:20,2
DA:21,2
DA:22,1
DA:23,1
DA:24,1
DA:25,2
DA:26,2
DA:27,2
DA:28,2
DA:29,1
DA:30,1
DA:31,1
DA:32,1
DA:33,1
DA:34,2
DA:35,1
LF:35
LH:35
BRDA:13,0,0,1
BRDA:19,1,0,2
BRDA:22,2,0,1
BRDA:28,3,0,1
BRF:4
BRH:4
end_of_record
TN:
SF:src\domain\use-cases\email\send-email-logs.ts
FN:12,SendEmailLogs
FN:17,execute
FNF:2
FNH:2
FNDA:1,SendEmailLogs
FNDA:2,execute
DA:1,1
DA:2,1
DA:3,1
DA:4,1
DA:5,1
DA:6,1
DA:7,1
DA:8,1
DA:9,1
DA:10,1
DA:11,1
DA:12,1
DA:13,1
DA:14,1
DA:15,1
DA:16,1
DA:17,1
DA:18,2
DA:19,2
DA:20,1
DA:21,1
DA:22,1
DA:23,1
DA:24,1
DA:25,1
DA:26,1
DA:27,1
DA:28,1
DA:29,1
DA:30,1
DA:31,1
DA:32,1
DA:33,1
DA:34,1
DA:35,1
DA:36,1
DA:37,1
DA:38,2
DA:39,1
LF:39
LH:39
BRDA:12,0,0,1
BRDA:17,1,0,2
BRDA:20,2,0,1
BRF:3
BRH:3
end_of_record
TN:
SF:src\infraestructure\datasources\file-system.datasource.ts
FN:12,FileSystemDataSource
FN:17,FileSystemDataSource.createLogsFiles
FN:31,FileSystemDataSource.getLogsFromFile
FN:37,saveLogs
FN:48,getLogs
FNF:5
FNH:5
FNDA:4,FileSystemDataSource
FNDA:4,FileSystemDataSource.createLogsFiles
FNDA:9,FileSystemDataSource.getLogsFromFile
FNDA:5,saveLogs
FNDA:3,getLogs
DA:1,1
DA:2,1
DA:3,1
DA:4,1
DA:5,1
DA:6,1
DA:7,1
DA:8,1
DA:9,1
DA:10,1
DA:11,1
DA:12,1
DA:13,4
DA:14,4
DA:15,4
DA:16,1
DA:17,1
DA:18,4
DA:19,4
DA:20,4
DA:21,4
DA:22,4
DA:23,4
DA:24,4
DA:25,4
DA:26,12
DA:27,12
DA:28,4
DA:29,4
DA:30,1
DA:31,1
DA:32,9
DA:33,9
DA:34,9
DA:35,9
DA:36,1
DA:37,1
DA:38,5
DA:39,5
DA:40,5
DA:41,5
DA:42,2
DA:43,5
DA:44,1
DA:45,1
DA:46,5
DA:47,1
DA:48,1
DA:49,3
DA:50,3
DA:51,3
DA:52,3
DA:53,3
DA:54,3
DA:55,3
DA:56,3
DA:57,3
DA:58,0
DA:59,0
DA:60,3
DA:61,1
LF:61
LH:59
BRDA:12,0,0,4
BRDA:17,1,0,4
BRDA:25,2,0,12
BRDA:26,3,0,0
BRDA:31,4,0,9
BRDA:33,5,0,0
BRDA:37,6,0,5
BRDA:40,7,0,2
BRDA:41,8,0,3
BRDA:41,9,0,2
BRDA:43,10,0,1
BRDA:48,11,0,3
BRDA:57,12,0,0
BRF:13
BRH:10
end_of_record
TN:
SF:src\infraestructure\datasources\mongo-log.datasource.ts
FN:7,saveLogs
FN:15,getLogs
FNF:2
FNH:2
FNDA:2,saveLogs
FNDA:1,getLogs
DA:1,1
DA:2,1
DA:3,1
DA:4,1
DA:5,1
DA:6,1
DA:7,1
DA:8,2
DA:9,2
DA:10,2
DA:11,2
DA:12,2
DA:13,2
DA:14,1
DA:15,1
DA:16,1
DA:17,1
DA:18,1
DA:19,1
DA:20,1
LF:20
LH:20
BRDA:7,0,0,2
BRDA:15,1,0,1
BRF:2
BRH:2
end_of_record
